{"C:\\Users\\Methum-PC\\OneDrive\\Desktop\\Universe\\Universe-System\\apps\\backend\\src\\common\\utils\\cache.ts": {"path":"C:\\Users\\Methum-PC\\OneDrive\\Desktop\\Universe\\Universe-System\\apps\\backend\\src\\common\\utils\\cache.ts","statementMap":{"0":{"start":{"line":1,"column":0},"end":{"line":1,"column":39}},"1":{"start":{"line":2,"column":0},"end":{"line":2,"column":43}},"2":{"start":{"line":4,"column":26},"end":{"line":4,"column":47}},"3":{"start":{"line":6,"column":24},"end":{"line":13,"column":1}},"4":{"start":{"line":7,"column":2},"end":{"line":7,"column":34}},"5":{"start":{"line":7,"column":22},"end":{"line":7,"column":34}},"6":{"start":{"line":9,"column":14},"end":{"line":9,"column":34}},"7":{"start":{"line":10,"column":2},"end":{"line":10,"column":24}},"8":{"start":{"line":10,"column":12},"end":{"line":10,"column":24}},"9":{"start":{"line":12,"column":2},"end":{"line":12,"column":30}},"10":{"start":{"line":6,"column":13},"end":{"line":6,"column":24}},"11":{"start":{"line":15,"column":24},"end":{"line":21,"column":1}},"12":{"start":{"line":16,"column":2},"end":{"line":16,"column":29}},"13":{"start":{"line":16,"column":22},"end":{"line":16,"column":29}},"14":{"start":{"line":18,"column":2},"end":{"line":20,"column":5}},"15":{"start":{"line":15,"column":13},"end":{"line":15,"column":24}},"16":{"start":{"line":23,"column":24},"end":{"line":27,"column":1}},"17":{"start":{"line":24,"column":2},"end":{"line":24,"column":29}},"18":{"start":{"line":24,"column":22},"end":{"line":24,"column":29}},"19":{"start":{"line":26,"column":2},"end":{"line":26,"column":23}},"20":{"start":{"line":23,"column":13},"end":{"line":23,"column":24}},"21":{"start":{"line":29,"column":33},"end":{"line":45,"column":1}},"22":{"start":{"line":30,"column":2},"end":{"line":30,"column":29}},"23":{"start":{"line":30,"column":22},"end":{"line":30,"column":29}},"24":{"start":{"line":32,"column":15},"end":{"line":32,"column":16}},"25":{"start":{"line":33,"column":2},"end":{"line":44,"column":25}},"26":{"start":{"line":34,"column":19},"end":{"line":37,"column":6}},"27":{"start":{"line":39,"column":4},"end":{"line":39,"column":27}},"28":{"start":{"line":41,"column":4},"end":{"line":43,"column":5}},"29":{"start":{"line":42,"column":6},"end":{"line":42,"column":35}},"30":{"start":{"line":29,"column":13},"end":{"line":29,"column":33}},"31":{"start":{"line":47,"column":29},"end":{"line":58,"column":1}},"32":{"start":{"line":52,"column":17},"end":{"line":52,"column":39}},"33":{"start":{"line":53,"column":2},"end":{"line":53,"column":37}},"34":{"start":{"line":53,"column":23},"end":{"line":53,"column":37}},"35":{"start":{"line":55,"column":16},"end":{"line":55,"column":31}},"36":{"start":{"line":56,"column":2},"end":{"line":56,"column":41}},"37":{"start":{"line":57,"column":2},"end":{"line":57,"column":15}},"38":{"start":{"line":47,"column":13},"end":{"line":47,"column":29}}},"fnMap":{"0":{"name":"(anonymous_0)","decl":{"start":{"line":6,"column":24},"end":{"line":6,"column":29}},"loc":{"start":{"line":6,"column":68},"end":{"line":13,"column":1}}},"1":{"name":"(anonymous_1)","decl":{"start":{"line":15,"column":24},"end":{"line":15,"column":29}},"loc":{"start":{"line":15,"column":106},"end":{"line":21,"column":1}}},"2":{"name":"(anonymous_2)","decl":{"start":{"line":23,"column":24},"end":{"line":23,"column":29}},"loc":{"start":{"line":23,"column":61},"end":{"line":27,"column":1}}},"3":{"name":"(anonymous_3)","decl":{"start":{"line":29,"column":33},"end":{"line":29,"column":38}},"loc":{"start":{"line":29,"column":74},"end":{"line":45,"column":1}}},"4":{"name":"(anonymous_4)","decl":{"start":{"line":47,"column":29},"end":{"line":47,"column":34}},"loc":{"start":{"line":51,"column":16},"end":{"line":58,"column":1}}}},"branchMap":{"0":{"loc":{"start":{"line":7,"column":2},"end":{"line":7,"column":34}},"type":"if","locations":[{"start":{"line":7,"column":2},"end":{"line":7,"column":34}}]},"1":{"loc":{"start":{"line":10,"column":2},"end":{"line":10,"column":24}},"type":"if","locations":[{"start":{"line":10,"column":2},"end":{"line":10,"column":24}}]},"2":{"loc":{"start":{"line":15,"column":57},"end":{"line":15,"column":87}},"type":"default-arg","locations":[{"start":{"line":15,"column":70},"end":{"line":15,"column":87}}]},"3":{"loc":{"start":{"line":16,"column":2},"end":{"line":16,"column":29}},"type":"if","locations":[{"start":{"line":16,"column":2},"end":{"line":16,"column":29}}]},"4":{"loc":{"start":{"line":24,"column":2},"end":{"line":24,"column":29}},"type":"if","locations":[{"start":{"line":24,"column":2},"end":{"line":24,"column":29}}]},"5":{"loc":{"start":{"line":30,"column":2},"end":{"line":30,"column":29}},"type":"if","locations":[{"start":{"line":30,"column":2},"end":{"line":30,"column":29}}]},"6":{"loc":{"start":{"line":41,"column":4},"end":{"line":43,"column":5}},"type":"if","locations":[{"start":{"line":41,"column":4},"end":{"line":43,"column":5}}]},"7":{"loc":{"start":{"line":50,"column":2},"end":{"line":50,"column":32}},"type":"default-arg","locations":[{"start":{"line":50,"column":15},"end":{"line":50,"column":32}}]},"8":{"loc":{"start":{"line":53,"column":2},"end":{"line":53,"column":37}},"type":"if","locations":[{"start":{"line":53,"column":2},"end":{"line":53,"column":37}}]}},"s":{"0":4,"1":4,"2":4,"3":4,"4":1,"5":1,"6":0,"7":0,"8":0,"9":0,"10":4,"11":4,"12":1,"13":1,"14":0,"15":4,"16":4,"17":2,"18":2,"19":0,"20":4,"21":4,"22":3,"23":3,"24":0,"25":0,"26":0,"27":0,"28":0,"29":0,"30":4,"31":4,"32":1,"33":1,"34":0,"35":1,"36":1,"37":1,"38":4},"f":{"0":1,"1":1,"2":2,"3":3,"4":1},"b":{"0":[1],"1":[0],"2":[0],"3":[1],"4":[2],"5":[3],"6":[0],"7":[0],"8":[0]}}
,"C:\\Users\\Methum-PC\\OneDrive\\Desktop\\Universe\\Universe-System\\apps\\backend\\src\\common\\utils\\email.ts": {"path":"C:\\Users\\Methum-PC\\OneDrive\\Desktop\\Universe\\Universe-System\\apps\\backend\\src\\common\\utils\\email.ts","statementMap":{"0":{"start":{"line":23,"column":0},"end":{"line":23,"column":7}},"1":{"start":{"line":59,"column":0},"end":{"line":59,"column":7}},"2":{"start":{"line":1,"column":0},"end":{"line":1,"column":32}},"3":{"start":{"line":2,"column":0},"end":{"line":2,"column":39}},"4":{"start":{"line":4,"column":15},"end":{"line":4,"column":45}},"5":{"start":{"line":5,"column":13},"end":{"line":5,"column":56}},"6":{"start":{"line":7,"column":21},"end":{"line":7,"column":78}},"7":{"start":{"line":10,"column":14},"end":{"line":10,"column":24}},"8":{"start":{"line":11,"column":17},"end":{"line":11,"column":31}},"9":{"start":{"line":12,"column":16},"end":{"line":12,"column":39}},"10":{"start":{"line":13,"column":2},"end":{"line":16,"column":3}},"11":{"start":{"line":14,"column":4},"end":{"line":14,"column":60}},"12":{"start":{"line":15,"column":4},"end":{"line":15,"column":11}},"13":{"start":{"line":17,"column":2},"end":{"line":19,"column":3}},"14":{"start":{"line":18,"column":4},"end":{"line":18,"column":77}},"15":{"start":{"line":20,"column":2},"end":{"line":20,"column":19}},"16":{"start":{"line":24,"column":2},"end":{"line":24,"column":21}},"17":{"start":{"line":25,"column":2},"end":{"line":56,"column":5}},"18":{"start":{"line":60,"column":2},"end":{"line":60,"column":21}},"19":{"start":{"line":61,"column":2},"end":{"line":92,"column":5}}},"fnMap":{"0":{"name":"checkRateLimit","decl":{"start":{"line":9,"column":9},"end":{"line":9,"column":23}},"loc":{"start":{"line":9,"column":37},"end":{"line":21,"column":1}}},"1":{"name":"sendOtpEmail","decl":{"start":{"line":23,"column":22},"end":{"line":23,"column":34}},"loc":{"start":{"line":23,"column":58},"end":{"line":57,"column":1}}},"2":{"name":"sendApprovalEmail","decl":{"start":{"line":59,"column":22},"end":{"line":59,"column":39}},"loc":{"start":{"line":59,"column":82},"end":{"line":93,"column":1}}}},"branchMap":{"0":{"loc":{"start":{"line":13,"column":2},"end":{"line":16,"column":3}},"type":"if","locations":[{"start":{"line":13,"column":2},"end":{"line":16,"column":3}}]},"1":{"loc":{"start":{"line":13,"column":6},"end":{"line":13,"column":48}},"type":"binary-expr","locations":[{"start":{"line":13,"column":6},"end":{"line":13,"column":12}},{"start":{"line":13,"column":16},"end":{"line":13,"column":48}}]},"2":{"loc":{"start":{"line":17,"column":2},"end":{"line":19,"column":3}},"type":"if","locations":[{"start":{"line":17,"column":2},"end":{"line":19,"column":3}}]},"3":{"loc":{"start":{"line":77,"column":25},"end":{"line":77,"column":51}},"type":"binary-expr","locations":[{"start":{"line":77,"column":25},"end":{"line":77,"column":44}},{"start":{"line":77,"column":48},"end":{"line":77,"column":51}}]}},"s":{"0":0,"1":0,"2":0,"3":0,"4":0,"5":0,"6":0,"7":0,"8":0,"9":0,"10":0,"11":0,"12":0,"13":0,"14":0,"15":0,"16":0,"17":0,"18":0,"19":0},"f":{"0":0,"1":0,"2":0},"b":{"0":[0],"1":[0,0],"2":[0],"3":[0,0]}}
,"C:\\Users\\Methum-PC\\OneDrive\\Desktop\\Universe\\Universe-System\\apps\\backend\\src\\common\\utils\\hash.ts": {"path":"C:\\Users\\Methum-PC\\OneDrive\\Desktop\\Universe\\Universe-System\\apps\\backend\\src\\common\\utils\\hash.ts","statementMap":{"0":{"start":{"line":1,"column":0},"end":{"line":1,"column":30}},"1":{"start":{"line":3,"column":20},"end":{"line":3,"column":22}},"2":{"start":{"line":5,"column":28},"end":{"line":7,"column":1}},"3":{"start":{"line":6,"column":2},"end":{"line":6,"column":44}},"4":{"start":{"line":5,"column":13},"end":{"line":5,"column":28}},"5":{"start":{"line":9,"column":31},"end":{"line":11,"column":1}},"6":{"start":{"line":10,"column":2},"end":{"line":10,"column":40}},"7":{"start":{"line":9,"column":13},"end":{"line":9,"column":31}}},"fnMap":{"0":{"name":"(anonymous_1)","decl":{"start":{"line":5,"column":28},"end":{"line":5,"column":33}},"loc":{"start":{"line":5,"column":72},"end":{"line":7,"column":1}}},"1":{"name":"(anonymous_2)","decl":{"start":{"line":9,"column":31},"end":{"line":9,"column":36}},"loc":{"start":{"line":9,"column":90},"end":{"line":11,"column":1}}}},"branchMap":{},"s":{"0":4,"1":4,"2":4,"3":6,"4":4,"5":4,"6":2,"7":4},"f":{"0":6,"1":2},"b":{}}
,"C:\\Users\\Methum-PC\\OneDrive\\Desktop\\Universe\\Universe-System\\apps\\backend\\src\\common\\utils\\jwt.ts": {"path":"C:\\Users\\Methum-PC\\OneDrive\\Desktop\\Universe\\Universe-System\\apps\\backend\\src\\common\\utils\\jwt.ts","statementMap":{"0":{"start":{"line":1,"column":0},"end":{"line":1,"column":48}},"1":{"start":{"line":2,"column":0},"end":{"line":2,"column":39}},"2":{"start":{"line":4,"column":29},"end":{"line":6,"column":1}},"3":{"start":{"line":5,"column":2},"end":{"line":5,"column":97}},"4":{"start":{"line":4,"column":13},"end":{"line":4,"column":29}},"5":{"start":{"line":8,"column":27},"end":{"line":10,"column":1}},"6":{"start":{"line":9,"column":2},"end":{"line":9,"column":43}},"7":{"start":{"line":8,"column":13},"end":{"line":8,"column":27}}},"fnMap":{"0":{"name":"(anonymous_1)","decl":{"start":{"line":4,"column":29},"end":{"line":4,"column":30}},"loc":{"start":{"line":4,"column":83},"end":{"line":6,"column":1}}},"1":{"name":"(anonymous_2)","decl":{"start":{"line":8,"column":27},"end":{"line":8,"column":28}},"loc":{"start":{"line":8,"column":50},"end":{"line":10,"column":1}}}},"branchMap":{"0":{"loc":{"start":{"line":4,"column":47},"end":{"line":4,"column":71}},"type":"default-arg","locations":[{"start":{"line":4,"column":67},"end":{"line":4,"column":71}}]}},"s":{"0":5,"1":5,"2":5,"3":7,"4":5,"5":5,"6":12,"7":5},"f":{"0":7,"1":12},"b":{"0":[6]}}
,"C:\\Users\\Methum-PC\\OneDrive\\Desktop\\Universe\\Universe-System\\apps\\backend\\src\\common\\utils\\otp.ts": {"path":"C:\\Users\\Methum-PC\\OneDrive\\Desktop\\Universe\\Universe-System\\apps\\backend\\src\\common\\utils\\otp.ts","statementMap":{"0":{"start":{"line":1,"column":27},"end":{"line":8,"column":1}},"1":{"start":{"line":2,"column":17},"end":{"line":2,"column":29}},"2":{"start":{"line":3,"column":12},"end":{"line":3,"column":14}},"3":{"start":{"line":4,"column":2},"end":{"line":6,"column":3}},"4":{"start":{"line":4,"column":15},"end":{"line":4,"column":16}},"5":{"start":{"line":5,"column":4},"end":{"line":5,"column":50}},"6":{"start":{"line":7,"column":2},"end":{"line":7,"column":13}},"7":{"start":{"line":1,"column":13},"end":{"line":1,"column":27}}},"fnMap":{"0":{"name":"(anonymous_0)","decl":{"start":{"line":1,"column":27},"end":{"line":1,"column":28}},"loc":{"start":{"line":1,"column":58},"end":{"line":8,"column":1}}}},"branchMap":{"0":{"loc":{"start":{"line":1,"column":28},"end":{"line":1,"column":46}},"type":"default-arg","locations":[{"start":{"line":1,"column":45},"end":{"line":1,"column":46}}]}},"s":{"0":4,"1":8,"2":8,"3":8,"4":8,"5":48,"6":8,"7":4},"f":{"0":8},"b":{"0":[8]}}
,"C:\\Users\\Methum-PC\\OneDrive\\Desktop\\Universe\\Universe-System\\apps\\backend\\src\\common\\utils\\response.ts": {"path":"C:\\Users\\Methum-PC\\OneDrive\\Desktop\\Universe\\Universe-System\\apps\\backend\\src\\common\\utils\\response.ts","statementMap":{"0":{"start":{"line":1,"column":31},"end":{"line":3,"column":1}},"1":{"start":{"line":2,"column":2},"end":{"line":2,"column":42}},"2":{"start":{"line":1,"column":13},"end":{"line":1,"column":31}},"3":{"start":{"line":5,"column":29},"end":{"line":7,"column":1}},"4":{"start":{"line":6,"column":2},"end":{"line":6,"column":44}},"5":{"start":{"line":5,"column":13},"end":{"line":5,"column":29}}},"fnMap":{"0":{"name":"(anonymous_0)","decl":{"start":{"line":1,"column":31},"end":{"line":1,"column":32}},"loc":{"start":{"line":1,"column":63},"end":{"line":3,"column":1}}},"1":{"name":"(anonymous_1)","decl":{"start":{"line":5,"column":29},"end":{"line":5,"column":30}},"loc":{"start":{"line":5,"column":62},"end":{"line":7,"column":1}}}},"branchMap":{},"s":{"0":3,"1":4,"2":3,"3":3,"4":3,"5":3},"f":{"0":4,"1":3},"b":{}}
,"C:\\Users\\Methum-PC\\OneDrive\\Desktop\\Universe\\Universe-System\\apps\\backend\\src\\modules\\auth\\auth.controller.ts": {"path":"C:\\Users\\Methum-PC\\OneDrive\\Desktop\\Universe\\Universe-System\\apps\\backend\\src\\modules\\auth\\auth.controller.ts","statementMap":{"0":{"start":{"line":2,"column":0},"end":{"line":2,"column":45}},"1":{"start":{"line":15,"column":0},"end":{"line":15,"column":77}},"2":{"start":{"line":16,"column":0},"end":{"line":16,"column":39}},"3":{"start":{"line":18,"column":23},"end":{"line":24,"column":2}},"4":{"start":{"line":28,"column":4},"end":{"line":39,"column":5}},"5":{"start":{"line":29,"column":21},"end":{"line":29,"column":61}},"6":{"start":{"line":30,"column":6},"end":{"line":30,"column":57}},"7":{"start":{"line":32,"column":6},"end":{"line":34,"column":7}},"8":{"start":{"line":33,"column":8},"end":{"line":33,"column":69}},"9":{"start":{"line":35,"column":6},"end":{"line":37,"column":7}},"10":{"start":{"line":36,"column":8},"end":{"line":36,"column":67}},"11":{"start":{"line":38,"column":6},"end":{"line":38,"column":66}},"12":{"start":{"line":43,"column":4},"end":{"line":68,"column":5}},"13":{"start":{"line":44,"column":21},"end":{"line":44,"column":69}},"14":{"start":{"line":46,"column":6},"end":{"line":48,"column":7}},"15":{"start":{"line":47,"column":8},"end":{"line":47,"column":68}},"16":{"start":{"line":50,"column":6},"end":{"line":56,"column":10}},"17":{"start":{"line":58,"column":6},"end":{"line":60,"column":7}},"18":{"start":{"line":59,"column":8},"end":{"line":59,"column":68}},"19":{"start":{"line":61,"column":6},"end":{"line":63,"column":7}},"20":{"start":{"line":62,"column":8},"end":{"line":62,"column":68}},"21":{"start":{"line":64,"column":6},"end":{"line":66,"column":7}},"22":{"start":{"line":65,"column":8},"end":{"line":65,"column":69}},"23":{"start":{"line":67,"column":6},"end":{"line":67,"column":66}},"24":{"start":{"line":72,"column":4},"end":{"line":82,"column":5}},"25":{"start":{"line":73,"column":21},"end":{"line":73,"column":73}},"26":{"start":{"line":74,"column":6},"end":{"line":74,"column":66}},"27":{"start":{"line":75,"column":6},"end":{"line":79,"column":10}},"28":{"start":{"line":81,"column":6},"end":{"line":81,"column":66}},"29":{"start":{"line":86,"column":4},"end":{"line":105,"column":5}},"30":{"start":{"line":87,"column":21},"end":{"line":87,"column":58}},"31":{"start":{"line":88,"column":6},"end":{"line":88,"column":66}},"32":{"start":{"line":89,"column":6},"end":{"line":93,"column":10}},"33":{"start":{"line":95,"column":6},"end":{"line":97,"column":7}},"34":{"start":{"line":96,"column":8},"end":{"line":96,"column":72}},"35":{"start":{"line":98,"column":6},"end":{"line":100,"column":7}},"36":{"start":{"line":99,"column":8},"end":{"line":99,"column":76}},"37":{"start":{"line":101,"column":6},"end":{"line":103,"column":7}},"38":{"start":{"line":102,"column":8},"end":{"line":102,"column":73}},"39":{"start":{"line":104,"column":6},"end":{"line":104,"column":66}},"40":{"start":{"line":109,"column":24},"end":{"line":109,"column":95}},"41":{"start":{"line":110,"column":17},"end":{"line":120,"column":null}},"42":{"start":{"line":110,"column":23},"end":{"line":110,"column":53}},"43":{"start":{"line":111,"column":6},"end":{"line":120,"column":8}},"44":{"start":{"line":122,"column":4},"end":{"line":124,"column":5}},"45":{"start":{"line":123,"column":6},"end":{"line":123,"column":67}},"46":{"start":{"line":125,"column":4},"end":{"line":131,"column":8}},"47":{"start":{"line":135,"column":4},"end":{"line":143,"column":5}},"48":{"start":{"line":136,"column":21},"end":{"line":136,"column":62}},"49":{"start":{"line":137,"column":6},"end":{"line":137,"column":57}},"50":{"start":{"line":139,"column":6},"end":{"line":141,"column":7}},"51":{"start":{"line":140,"column":8},"end":{"line":140,"column":67}},"52":{"start":{"line":142,"column":6},"end":{"line":142,"column":66}},"53":{"start":{"line":147,"column":4},"end":{"line":152,"column":5}},"54":{"start":{"line":148,"column":21},"end":{"line":148,"column":67}},"55":{"start":{"line":149,"column":6},"end":{"line":149,"column":57}},"56":{"start":{"line":151,"column":6},"end":{"line":151,"column":66}},"57":{"start":{"line":156,"column":4},"end":{"line":161,"column":5}},"58":{"start":{"line":157,"column":21},"end":{"line":157,"column":66}},"59":{"start":{"line":158,"column":6},"end":{"line":158,"column":57}},"60":{"start":{"line":160,"column":6},"end":{"line":160,"column":66}},"61":{"start":{"line":165,"column":4},"end":{"line":171,"column":5}},"62":{"start":{"line":166,"column":26},"end":{"line":166,"column":68}},"63":{"start":{"line":167,"column":21},"end":{"line":167,"column":86}},"64":{"start":{"line":168,"column":6},"end":{"line":168,"column":57}},"65":{"start":{"line":170,"column":6},"end":{"line":170,"column":66}},"66":{"start":{"line":175,"column":4},"end":{"line":185,"column":5}},"67":{"start":{"line":176,"column":26},"end":{"line":176,"column":46}},"68":{"start":{"line":177,"column":21},"end":{"line":177,"column":58}},"69":{"start":{"line":178,"column":6},"end":{"line":178,"column":66}},"70":{"start":{"line":179,"column":6},"end":{"line":182,"column":10}},"71":{"start":{"line":184,"column":6},"end":{"line":184,"column":66}},"72":{"start":{"line":189,"column":24},"end":{"line":189,"column":44}},"73":{"start":{"line":190,"column":4},"end":{"line":190,"column":51}},"74":{"start":{"line":191,"column":19},"end":{"line":191,"column":63}},"75":{"start":{"line":192,"column":4},"end":{"line":192,"column":55}},"76":{"start":{"line":196,"column":4},"end":{"line":196,"column":51}},"77":{"start":{"line":197,"column":19},"end":{"line":197,"column":48}},"78":{"start":{"line":198,"column":4},"end":{"line":198,"column":55}},"79":{"start":{"line":202,"column":4},"end":{"line":211,"column":5}},"80":{"start":{"line":203,"column":26},"end":{"line":203,"column":82}},"81":{"start":{"line":204,"column":6},"end":{"line":206,"column":7}},"82":{"start":{"line":205,"column":8},"end":{"line":205,"column":66}},"83":{"start":{"line":207,"column":21},"end":{"line":207,"column":74}},"84":{"start":{"line":208,"column":6},"end":{"line":208,"column":55}},"85":{"start":{"line":210,"column":6},"end":{"line":210,"column":66}},"86":{"start":{"line":215,"column":4},"end":{"line":220,"column":5}},"87":{"start":{"line":216,"column":21},"end":{"line":216,"column":62}},"88":{"start":{"line":217,"column":6},"end":{"line":217,"column":73}},"89":{"start":{"line":219,"column":6},"end":{"line":219,"column":66}},"90":{"start":{"line":224,"column":4},"end":{"line":230,"column":5}},"91":{"start":{"line":225,"column":26},"end":{"line":225,"column":46}},"92":{"start":{"line":226,"column":21},"end":{"line":226,"column":86}},"93":{"start":{"line":227,"column":6},"end":{"line":227,"column":57}},"94":{"start":{"line":229,"column":6},"end":{"line":229,"column":66}},"95":{"start":{"line":26,"column":0},"end":{"line":26,"column":13}}},"fnMap":{"0":{"name":"(anonymous_9)","decl":{"start":{"line":27,"column":2},"end":{"line":27,"column":8}},"loc":{"start":{"line":27,"column":93},"end":{"line":40,"column":3}}},"1":{"name":"(anonymous_10)","decl":{"start":{"line":42,"column":2},"end":{"line":42,"column":8}},"loc":{"start":{"line":42,"column":95},"end":{"line":69,"column":3}}},"2":{"name":"(anonymous_11)","decl":{"start":{"line":71,"column":2},"end":{"line":71,"column":8}},"loc":{"start":{"line":71,"column":117},"end":{"line":83,"column":3}}},"3":{"name":"(anonymous_12)","decl":{"start":{"line":85,"column":2},"end":{"line":85,"column":8}},"loc":{"start":{"line":85,"column":87},"end":{"line":106,"column":3}}},"4":{"name":"(anonymous_13)","decl":{"start":{"line":108,"column":2},"end":{"line":108,"column":8}},"loc":{"start":{"line":108,"column":62},"end":{"line":132,"column":3}}},"5":{"name":"(anonymous_14)","decl":{"start":{"line":110,"column":23},"end":{"line":110,"column":30}},"loc":{"start":{"line":110,"column":23},"end":{"line":110,"column":53}}},"6":{"name":"(anonymous_15)","decl":{"start":{"line":110,"column":58},"end":{"line":110,"column":59}},"loc":{"start":{"line":111,"column":6},"end":{"line":120,"column":8}}},"7":{"name":"(anonymous_16)","decl":{"start":{"line":134,"column":2},"end":{"line":134,"column":8}},"loc":{"start":{"line":134,"column":95},"end":{"line":144,"column":3}}},"8":{"name":"(anonymous_17)","decl":{"start":{"line":146,"column":2},"end":{"line":146,"column":8}},"loc":{"start":{"line":146,"column":105},"end":{"line":153,"column":3}}},"9":{"name":"(anonymous_18)","decl":{"start":{"line":155,"column":2},"end":{"line":155,"column":8}},"loc":{"start":{"line":155,"column":103},"end":{"line":162,"column":3}}},"10":{"name":"(anonymous_19)","decl":{"start":{"line":164,"column":2},"end":{"line":164,"column":8}},"loc":{"start":{"line":164,"column":105},"end":{"line":172,"column":3}}},"11":{"name":"(anonymous_20)","decl":{"start":{"line":174,"column":2},"end":{"line":174,"column":8}},"loc":{"start":{"line":174,"column":67},"end":{"line":186,"column":3}}},"12":{"name":"(anonymous_21)","decl":{"start":{"line":188,"column":2},"end":{"line":188,"column":8}},"loc":{"start":{"line":188,"column":66},"end":{"line":193,"column":3}}},"13":{"name":"(anonymous_22)","decl":{"start":{"line":195,"column":2},"end":{"line":195,"column":8}},"loc":{"start":{"line":195,"column":70},"end":{"line":199,"column":3}}},"14":{"name":"(anonymous_23)","decl":{"start":{"line":201,"column":2},"end":{"line":201,"column":8}},"loc":{"start":{"line":201,"column":76},"end":{"line":212,"column":3}}},"15":{"name":"(anonymous_24)","decl":{"start":{"line":214,"column":2},"end":{"line":214,"column":8}},"loc":{"start":{"line":214,"column":95},"end":{"line":221,"column":3}}},"16":{"name":"(anonymous_25)","decl":{"start":{"line":223,"column":2},"end":{"line":223,"column":8}},"loc":{"start":{"line":223,"column":105},"end":{"line":231,"column":3}}}},"branchMap":{"0":{"loc":{"start":{"line":32,"column":6},"end":{"line":34,"column":7}},"type":"if","locations":[{"start":{"line":32,"column":6},"end":{"line":34,"column":7}}]},"1":{"loc":{"start":{"line":35,"column":6},"end":{"line":37,"column":7}},"type":"if","locations":[{"start":{"line":35,"column":6},"end":{"line":37,"column":7}}]},"2":{"loc":{"start":{"line":46,"column":6},"end":{"line":48,"column":7}},"type":"if","locations":[{"start":{"line":46,"column":6},"end":{"line":48,"column":7}}]},"3":{"loc":{"start":{"line":50,"column":40},"end":{"line":50,"column":81}},"type":"binary-expr","locations":[{"start":{"line":50,"column":40},"end":{"line":50,"column":54}},{"start":{"line":50,"column":58},"end":{"line":50,"column":81}}]},"4":{"loc":{"start":{"line":58,"column":6},"end":{"line":60,"column":7}},"type":"if","locations":[{"start":{"line":58,"column":6},"end":{"line":60,"column":7}}]},"5":{"loc":{"start":{"line":61,"column":6},"end":{"line":63,"column":7}},"type":"if","locations":[{"start":{"line":61,"column":6},"end":{"line":63,"column":7}}]},"6":{"loc":{"start":{"line":64,"column":6},"end":{"line":66,"column":7}},"type":"if","locations":[{"start":{"line":64,"column":6},"end":{"line":66,"column":7}}]},"7":{"loc":{"start":{"line":95,"column":6},"end":{"line":97,"column":7}},"type":"if","locations":[{"start":{"line":95,"column":6},"end":{"line":97,"column":7}}]},"8":{"loc":{"start":{"line":98,"column":6},"end":{"line":100,"column":7}},"type":"if","locations":[{"start":{"line":98,"column":6},"end":{"line":100,"column":7}}]},"9":{"loc":{"start":{"line":101,"column":6},"end":{"line":103,"column":7}},"type":"if","locations":[{"start":{"line":101,"column":6},"end":{"line":103,"column":7}}]},"10":{"loc":{"start":{"line":122,"column":4},"end":{"line":124,"column":5}},"type":"if","locations":[{"start":{"line":122,"column":4},"end":{"line":124,"column":5}}]},"11":{"loc":{"start":{"line":122,"column":8},"end":{"line":122,"column":53}},"type":"binary-expr","locations":[{"start":{"line":122,"column":8},"end":{"line":122,"column":13}},{"start":{"line":122,"column":17},"end":{"line":122,"column":32}},{"start":{"line":122,"column":36},"end":{"line":122,"column":53}}]},"12":{"loc":{"start":{"line":139,"column":6},"end":{"line":141,"column":7}},"type":"if","locations":[{"start":{"line":139,"column":6},"end":{"line":141,"column":7}}]},"13":{"loc":{"start":{"line":204,"column":6},"end":{"line":206,"column":7}},"type":"if","locations":[{"start":{"line":204,"column":6},"end":{"line":206,"column":7}}]}},"s":{"0":3,"1":3,"2":3,"3":3,"4":2,"5":2,"6":1,"7":1,"8":1,"9":0,"10":0,"11":0,"12":2,"13":2,"14":1,"15":1,"16":1,"17":1,"18":1,"19":0,"20":0,"21":0,"22":0,"23":0,"24":0,"25":0,"26":0,"27":0,"28":0,"29":2,"30":2,"31":1,"32":1,"33":1,"34":0,"35":1,"36":1,"37":0,"38":0,"39":0,"40":0,"41":0,"42":0,"43":0,"44":0,"45":0,"46":0,"47":0,"48":0,"49":0,"50":0,"51":0,"52":0,"53":0,"54":0,"55":0,"56":0,"57":0,"58":0,"59":0,"60":0,"61":0,"62":0,"63":0,"64":0,"65":0,"66":0,"67":0,"68":0,"69":0,"70":0,"71":0,"72":1,"73":1,"74":1,"75":1,"76":0,"77":0,"78":0,"79":0,"80":0,"81":0,"82":0,"83":0,"84":0,"85":0,"86":0,"87":0,"88":0,"89":0,"90":0,"91":0,"92":0,"93":0,"94":0,"95":3},"f":{"0":2,"1":2,"2":0,"3":2,"4":0,"5":0,"6":0,"7":0,"8":0,"9":0,"10":0,"11":0,"12":1,"13":0,"14":0,"15":0,"16":0},"b":{"0":[1],"1":[0],"2":[1],"3":[1,1],"4":[1],"5":[0],"6":[0],"7":[0],"8":[1],"9":[0],"10":[0],"11":[0,0,0],"12":[0],"13":[0]}}
,"C:\\Users\\Methum-PC\\OneDrive\\Desktop\\Universe\\Universe-System\\apps\\backend\\src\\modules\\auth\\auth.routes.ts": {"path":"C:\\Users\\Methum-PC\\OneDrive\\Desktop\\Universe\\Universe-System\\apps\\backend\\src\\modules\\auth\\auth.routes.ts","statementMap":{"0":{"start":{"line":24,"column":0},"end":{"line":24,"column":15}},"1":{"start":{"line":2,"column":0},"end":{"line":2,"column":51}},"2":{"start":{"line":3,"column":0},"end":{"line":3,"column":null}},"3":{"start":{"line":15,"column":0},"end":{"line":15,"column":68}},"4":{"start":{"line":17,"column":24},"end":{"line":21,"column":1}},"5":{"start":{"line":20,"column":2},"end":{"line":20,"column":12}},"6":{"start":{"line":25,"column":2},"end":{"line":35,"column":30}},"7":{"start":{"line":33,"column":6},"end":{"line":33,"column":51}},"8":{"start":{"line":37,"column":2},"end":{"line":47,"column":31}},"9":{"start":{"line":45,"column":6},"end":{"line":45,"column":52}},"10":{"start":{"line":49,"column":2},"end":{"line":53,"column":42}},"11":{"start":{"line":51,"column":6},"end":{"line":51,"column":63}},"12":{"start":{"line":55,"column":2},"end":{"line":65,"column":27}},"13":{"start":{"line":63,"column":6},"end":{"line":63,"column":48}},"14":{"start":{"line":67,"column":2},"end":{"line":77,"column":31}},"15":{"start":{"line":75,"column":6},"end":{"line":75,"column":52}},"16":{"start":{"line":79,"column":2},"end":{"line":89,"column":36}},"17":{"start":{"line":87,"column":6},"end":{"line":87,"column":57}},"18":{"start":{"line":91,"column":2},"end":{"line":101,"column":35}},"19":{"start":{"line":99,"column":6},"end":{"line":99,"column":56}},"20":{"start":{"line":103,"column":2},"end":{"line":107,"column":31}},"21":{"start":{"line":105,"column":6},"end":{"line":105,"column":52}},"22":{"start":{"line":109,"column":2},"end":{"line":116,"column":36}},"23":{"start":{"line":113,"column":8},"end":{"line":113,"column":59}},"24":{"start":{"line":118,"column":2},"end":{"line":120,"column":29}},"25":{"start":{"line":122,"column":2},"end":{"line":124,"column":28}},"26":{"start":{"line":126,"column":2},"end":{"line":128,"column":31}},"27":{"start":{"line":130,"column":2},"end":{"line":137,"column":36}},"28":{"start":{"line":134,"column":8},"end":{"line":134,"column":59}},"29":{"start":{"line":139,"column":2},"end":{"line":141,"column":24}},"30":{"start":{"line":143,"column":2},"end":{"line":145,"column":38}}},"fnMap":{"0":{"name":"(anonymous_0)","decl":{"start":{"line":17,"column":24},"end":{"line":17,"column":25}},"loc":{"start":{"line":17,"column":40},"end":{"line":21,"column":1}}},"1":{"name":"authRoutes","decl":{"start":{"line":24,"column":30},"end":{"line":24,"column":40}},"loc":{"start":{"line":24,"column":65},"end":{"line":146,"column":1}}},"2":{"name":"(anonymous_2)","decl":{"start":{"line":32,"column":16},"end":{"line":32,"column":21}},"loc":{"start":{"line":32,"column":34},"end":{"line":34,"column":5}}},"3":{"name":"(anonymous_3)","decl":{"start":{"line":44,"column":16},"end":{"line":44,"column":21}},"loc":{"start":{"line":44,"column":34},"end":{"line":46,"column":5}}},"4":{"name":"(anonymous_4)","decl":{"start":{"line":50,"column":16},"end":{"line":50,"column":21}},"loc":{"start":{"line":50,"column":34},"end":{"line":52,"column":5}}},"5":{"name":"(anonymous_5)","decl":{"start":{"line":62,"column":16},"end":{"line":62,"column":21}},"loc":{"start":{"line":62,"column":34},"end":{"line":64,"column":5}}},"6":{"name":"(anonymous_6)","decl":{"start":{"line":74,"column":16},"end":{"line":74,"column":21}},"loc":{"start":{"line":74,"column":34},"end":{"line":76,"column":5}}},"7":{"name":"(anonymous_7)","decl":{"start":{"line":86,"column":16},"end":{"line":86,"column":21}},"loc":{"start":{"line":86,"column":34},"end":{"line":88,"column":5}}},"8":{"name":"(anonymous_8)","decl":{"start":{"line":98,"column":16},"end":{"line":98,"column":21}},"loc":{"start":{"line":98,"column":34},"end":{"line":100,"column":5}}},"9":{"name":"(anonymous_9)","decl":{"start":{"line":104,"column":16},"end":{"line":104,"column":21}},"loc":{"start":{"line":104,"column":34},"end":{"line":106,"column":5}}},"10":{"name":"(anonymous_10)","decl":{"start":{"line":112,"column":6},"end":{"line":112,"column":11}},"loc":{"start":{"line":112,"column":24},"end":{"line":114,"column":7}}},"11":{"name":"(anonymous_11)","decl":{"start":{"line":133,"column":6},"end":{"line":133,"column":11}},"loc":{"start":{"line":133,"column":24},"end":{"line":135,"column":7}}}},"branchMap":{},"s":{"0":3,"1":3,"2":3,"3":3,"4":3,"5":0,"6":3,"7":3,"8":3,"9":2,"10":3,"11":0,"12":3,"13":2,"14":3,"15":0,"16":3,"17":0,"18":3,"19":0,"20":3,"21":0,"22":3,"23":0,"24":3,"25":3,"26":3,"27":3,"28":0,"29":3,"30":3},"f":{"0":0,"1":3,"2":3,"3":2,"4":0,"5":2,"6":0,"7":0,"8":0,"9":0,"10":0,"11":0},"b":{}}
,"C:\\Users\\Methum-PC\\OneDrive\\Desktop\\Universe\\Universe-System\\apps\\backend\\src\\modules\\auth\\auth.schema.ts": {"path":"C:\\Users\\Methum-PC\\OneDrive\\Desktop\\Universe\\Universe-System\\apps\\backend\\src\\modules\\auth\\auth.schema.ts","statementMap":{"0":{"start":{"line":1,"column":0},"end":{"line":1,"column":24}},"1":{"start":{"line":3,"column":13},"end":{"line":11,"column":3}},"2":{"start":{"line":13,"column":13},"end":{"line":18,"column":3}},"3":{"start":{"line":20,"column":13},"end":{"line":25,"column":3}},"4":{"start":{"line":27,"column":13},"end":{"line":31,"column":3}},"5":{"start":{"line":33,"column":13},"end":{"line":37,"column":3}},"6":{"start":{"line":39,"column":13},"end":{"line":45,"column":3}},"7":{"start":{"line":47,"column":13},"end":{"line":52,"column":3}},"8":{"start":{"line":54,"column":13},"end":{"line":58,"column":3}},"9":{"start":{"line":60,"column":13},"end":{"line":65,"column":3}},"10":{"start":{"line":67,"column":13},"end":{"line":75,"column":3}}},"fnMap":{},"branchMap":{},"s":{"0":4,"1":4,"2":4,"3":4,"4":4,"5":4,"6":4,"7":4,"8":4,"9":4,"10":4},"f":{},"b":{}}
,"C:\\Users\\Methum-PC\\OneDrive\\Desktop\\Universe\\Universe-System\\apps\\backend\\src\\modules\\auth\\auth.service.ts": {"path":"C:\\Users\\Methum-PC\\OneDrive\\Desktop\\Universe\\Universe-System\\apps\\backend\\src\\modules\\auth\\auth.service.ts","statementMap":{"0":{"start":{"line":1,"column":0},"end":{"line":1,"column":45}},"1":{"start":{"line":3,"column":0},"end":{"line":3,"column":53}},"2":{"start":{"line":4,"column":0},"end":{"line":4,"column":72}},"3":{"start":{"line":16,"column":0},"end":{"line":16,"column":55}},"4":{"start":{"line":17,"column":0},"end":{"line":17,"column":72}},"5":{"start":{"line":18,"column":0},"end":{"line":18,"column":56}},"6":{"start":{"line":34,"column":22},"end":{"line":34,"column":36}},"7":{"start":{"line":35,"column":31},"end":{"line":35,"column":40}},"8":{"start":{"line":36,"column":34},"end":{"line":36,"column":72}},"9":{"start":{"line":38,"column":23},"end":{"line":38,"column":68}},"10":{"start":{"line":38,"column":42},"end":{"line":38,"column":68}},"11":{"start":{"line":39,"column":29},"end":{"line":39,"column":88}},"12":{"start":{"line":39,"column":48},"end":{"line":39,"column":88}},"13":{"start":{"line":41,"column":21},"end":{"line":56,"column":2}},"14":{"start":{"line":48,"column":7},"end":{"line":56,"column":2}},"15":{"start":{"line":58,"column":25},"end":{"line":69,"column":2}},"16":{"start":{"line":65,"column":7},"end":{"line":69,"column":2}},"17":{"start":{"line":73,"column":4},"end":{"line":73,"column":40}},"18":{"start":{"line":73,"column":33},"end":{"line":73,"column":40}},"19":{"start":{"line":75,"column":4},"end":{"line":77,"column":5}},"20":{"start":{"line":76,"column":6},"end":{"line":76,"column":75}},"21":{"start":{"line":79,"column":20},"end":{"line":95,"column":6}},"22":{"start":{"line":97,"column":4},"end":{"line":99,"column":5}},"23":{"start":{"line":98,"column":6},"end":{"line":98,"column":43}},"24":{"start":{"line":101,"column":4},"end":{"line":103,"column":5}},"25":{"start":{"line":102,"column":6},"end":{"line":102,"column":76}},"26":{"start":{"line":105,"column":4},"end":{"line":107,"column":5}},"27":{"start":{"line":106,"column":6},"end":{"line":106,"column":64}},"28":{"start":{"line":109,"column":4},"end":{"line":111,"column":5}},"29":{"start":{"line":110,"column":6},"end":{"line":110,"column":74}},"30":{"start":{"line":115,"column":22},"end":{"line":119,"column":6}},"31":{"start":{"line":121,"column":4},"end":{"line":121,"column":27}},"32":{"start":{"line":121,"column":20},"end":{"line":121,"column":27}},"33":{"start":{"line":123,"column":22},"end":{"line":123,"column":65}},"34":{"start":{"line":124,"column":4},"end":{"line":127,"column":5}},"35":{"start":{"line":125,"column":26},"end":{"line":125,"column":80}},"36":{"start":{"line":126,"column":6},"end":{"line":126,"column":81}},"37":{"start":{"line":131,"column":16},"end":{"line":131,"column":29}},"38":{"start":{"line":132,"column":22},"end":{"line":132,"column":58}},"39":{"start":{"line":134,"column":4},"end":{"line":140,"column":7}},"40":{"start":{"line":142,"column":4},"end":{"line":142,"column":35}},"41":{"start":{"line":146,"column":16},"end":{"line":146,"column":49}},"42":{"start":{"line":147,"column":4},"end":{"line":147,"column":86}},"43":{"start":{"line":148,"column":4},"end":{"line":148,"column":46}},"44":{"start":{"line":152,"column":16},"end":{"line":152,"column":43}},"45":{"start":{"line":153,"column":19},"end":{"line":153,"column":59}},"46":{"start":{"line":154,"column":4},"end":{"line":154,"column":30}},"47":{"start":{"line":154,"column":16},"end":{"line":154,"column":30}},"48":{"start":{"line":156,"column":4},"end":{"line":156,"column":54}},"49":{"start":{"line":160,"column":16},"end":{"line":160,"column":43}},"50":{"start":{"line":161,"column":4},"end":{"line":161,"column":24}},"51":{"start":{"line":162,"column":4},"end":{"line":162,"column":42}},"52":{"start":{"line":166,"column":22},"end":{"line":172,"column":6}},"53":{"start":{"line":174,"column":4},"end":{"line":176,"column":5}},"54":{"start":{"line":175,"column":6},"end":{"line":175,"column":55}},"55":{"start":{"line":178,"column":4},"end":{"line":180,"column":5}},"56":{"start":{"line":179,"column":6},"end":{"line":179,"column":41}},"57":{"start":{"line":182,"column":4},"end":{"line":184,"column":5}},"58":{"start":{"line":183,"column":6},"end":{"line":183,"column":82}},"59":{"start":{"line":186,"column":4},"end":{"line":192,"column":5}},"60":{"start":{"line":187,"column":6},"end":{"line":190,"column":9}},"61":{"start":{"line":191,"column":6},"end":{"line":191,"column":37}},"62":{"start":{"line":194,"column":4},"end":{"line":197,"column":7}},"63":{"start":{"line":201,"column":18},"end":{"line":201,"column":45}},"64":{"start":{"line":203,"column":25},"end":{"line":203,"column":75}},"65":{"start":{"line":205,"column":4},"end":{"line":212,"column":5}},"66":{"start":{"line":206,"column":6},"end":{"line":211,"column":7}},"67":{"start":{"line":208,"column":8},"end":{"line":208,"column":69}},"68":{"start":{"line":210,"column":8},"end":{"line":210,"column":47}},"69":{"start":{"line":214,"column":4},"end":{"line":214,"column":73}},"70":{"start":{"line":215,"column":4},"end":{"line":215,"column":50}},"71":{"start":{"line":217,"column":4},"end":{"line":223,"column":7}},"72":{"start":{"line":224,"column":4},"end":{"line":224,"column":39}},"73":{"start":{"line":226,"column":4},"end":{"line":226,"column":49}},"74":{"start":{"line":230,"column":18},"end":{"line":230,"column":45}},"75":{"start":{"line":231,"column":32},"end":{"line":231,"column":79}},"76":{"start":{"line":233,"column":4},"end":{"line":235,"column":5}},"77":{"start":{"line":234,"column":6},"end":{"line":234,"column":79}},"78":{"start":{"line":237,"column":4},"end":{"line":237,"column":59}},"79":{"start":{"line":239,"column":27},"end":{"line":239,"column":75}},"80":{"start":{"line":243,"column":4},"end":{"line":263,"column":5}},"81":{"start":{"line":245,"column":7},"end":{"line":245,"column":58}},"82":{"start":{"line":246,"column":6},"end":{"line":246,"column":68}},"83":{"start":{"line":248,"column":26},"end":{"line":255,"column":8}},"84":{"start":{"line":257,"column":6},"end":{"line":262,"column":8}},"85":{"start":{"line":265,"column":24},"end":{"line":275,"column":6}},"86":{"start":{"line":266,"column":6},"end":{"line":274,"column":9}},"87":{"start":{"line":277,"column":4},"end":{"line":277,"column":54}},"88":{"start":{"line":278,"column":4},"end":{"line":278,"column":41}},"89":{"start":{"line":282,"column":18},"end":{"line":282,"column":45}},"90":{"start":{"line":283,"column":20},"end":{"line":283,"column":67}},"91":{"start":{"line":285,"column":4},"end":{"line":287,"column":5}},"92":{"start":{"line":286,"column":6},"end":{"line":286,"column":84}},"93":{"start":{"line":289,"column":4},"end":{"line":291,"column":5}},"94":{"start":{"line":290,"column":6},"end":{"line":290,"column":58}},"95":{"start":{"line":294,"column":20},"end":{"line":301,"column":6}},"96":{"start":{"line":303,"column":4},"end":{"line":303,"column":63}},"97":{"start":{"line":303,"column":18},"end":{"line":303,"column":63}},"98":{"start":{"line":306,"column":24},"end":{"line":306,"column":78}},"99":{"start":{"line":307,"column":24},"end":{"line":307,"column":64}},"100":{"start":{"line":308,"column":25},"end":{"line":308,"column":60}},"101":{"start":{"line":311,"column":22},"end":{"line":311,"column":70}},"102":{"start":{"line":312,"column":4},"end":{"line":314,"column":5}},"103":{"start":{"line":313,"column":6},"end":{"line":313,"column":73}},"104":{"start":{"line":316,"column":23},"end":{"line":316,"column":64}},"105":{"start":{"line":317,"column":23},"end":{"line":318,"column":75}},"106":{"start":{"line":319,"column":22},"end":{"line":319,"column":57}},"107":{"start":{"line":320,"column":24},"end":{"line":320,"column":67}},"108":{"start":{"line":322,"column":4},"end":{"line":324,"column":5}},"109":{"start":{"line":323,"column":6},"end":{"line":323,"column":97}},"110":{"start":{"line":327,"column":27},"end":{"line":327,"column":63}},"111":{"start":{"line":328,"column":24},"end":{"line":356,"column":6}},"112":{"start":{"line":329,"column":26},"end":{"line":329,"column":76}},"113":{"start":{"line":330,"column":32},"end":{"line":330,"column":79}},"114":{"start":{"line":332,"column":21},"end":{"line":340,"column":8}},"115":{"start":{"line":342,"column":6},"end":{"line":348,"column":9}},"116":{"start":{"line":350,"column":6},"end":{"line":353,"column":9}},"117":{"start":{"line":355,"column":6},"end":{"line":355,"column":20}},"118":{"start":{"line":358,"column":4},"end":{"line":358,"column":54}},"119":{"start":{"line":359,"column":4},"end":{"line":359,"column":41}},"120":{"start":{"line":363,"column":18},"end":{"line":363,"column":45}},"121":{"start":{"line":365,"column":17},"end":{"line":372,"column":6}},"122":{"start":{"line":374,"column":4},"end":{"line":376,"column":5}},"123":{"start":{"line":375,"column":6},"end":{"line":375,"column":45}},"124":{"start":{"line":378,"column":20},"end":{"line":378,"column":77}},"125":{"start":{"line":379,"column":4},"end":{"line":381,"column":5}},"126":{"start":{"line":380,"column":6},"end":{"line":380,"column":45}},"127":{"start":{"line":383,"column":4},"end":{"line":385,"column":5}},"128":{"start":{"line":384,"column":6},"end":{"line":384,"column":55}},"129":{"start":{"line":387,"column":4},"end":{"line":387,"column":34}},"130":{"start":{"line":391,"column":18},"end":{"line":391,"column":45}},"131":{"start":{"line":392,"column":32},"end":{"line":392,"column":79}},"132":{"start":{"line":394,"column":4},"end":{"line":396,"column":5}},"133":{"start":{"line":395,"column":6},"end":{"line":395,"column":79}},"134":{"start":{"line":398,"column":4},"end":{"line":398,"column":50}},"135":{"start":{"line":399,"column":4},"end":{"line":399,"column":39}},"136":{"start":{"line":401,"column":4},"end":{"line":401,"column":50}},"137":{"start":{"line":405,"column":18},"end":{"line":405,"column":45}},"138":{"start":{"line":406,"column":17},"end":{"line":406,"column":67}},"139":{"start":{"line":408,"column":4},"end":{"line":410,"column":5}},"140":{"start":{"line":409,"column":6},"end":{"line":409,"column":66}},"141":{"start":{"line":412,"column":4},"end":{"line":412,"column":50}},"142":{"start":{"line":413,"column":4},"end":{"line":413,"column":39}},"143":{"start":{"line":415,"column":4},"end":{"line":415,"column":63}},"144":{"start":{"line":419,"column":18},"end":{"line":419,"column":45}},"145":{"start":{"line":420,"column":17},"end":{"line":420,"column":67}},"146":{"start":{"line":422,"column":4},"end":{"line":424,"column":5}},"147":{"start":{"line":423,"column":6},"end":{"line":423,"column":40}},"148":{"start":{"line":426,"column":4},"end":{"line":426,"column":59}},"149":{"start":{"line":427,"column":26},"end":{"line":427,"column":64}},"150":{"start":{"line":429,"column":4},"end":{"line":432,"column":7}},"151":{"start":{"line":434,"column":4},"end":{"line":434,"column":52}},"152":{"start":{"line":438,"column":17},"end":{"line":453,"column":6}},"153":{"start":{"line":455,"column":4},"end":{"line":457,"column":5}},"154":{"start":{"line":456,"column":6},"end":{"line":456,"column":52}},"155":{"start":{"line":459,"column":4},"end":{"line":459,"column":34}},"156":{"start":{"line":463,"column":4},"end":{"line":468,"column":5}},"157":{"start":{"line":464,"column":6},"end":{"line":467,"column":25}},"158":{"start":{"line":469,"column":4},"end":{"line":469,"column":44}},"159":{"start":{"line":473,"column":4},"end":{"line":473,"column":62}},"160":{"start":{"line":477,"column":20},"end":{"line":493,"column":6}},"161":{"start":{"line":495,"column":4},"end":{"line":497,"column":5}},"162":{"start":{"line":496,"column":6},"end":{"line":496,"column":43}},"163":{"start":{"line":499,"column":4},"end":{"line":501,"column":5}},"164":{"start":{"line":500,"column":6},"end":{"line":500,"column":76}},"165":{"start":{"line":503,"column":24},"end":{"line":503,"column":66}},"166":{"start":{"line":504,"column":4},"end":{"line":506,"column":5}},"167":{"start":{"line":505,"column":6},"end":{"line":505,"column":74}},"168":{"start":{"line":508,"column":4},"end":{"line":508,"column":56}},"169":{"start":{"line":509,"column":4},"end":{"line":509,"column":45}},"170":{"start":{"line":511,"column":4},"end":{"line":517,"column":6}},"171":{"start":{"line":521,"column":4},"end":{"line":524,"column":7}},"172":{"start":{"line":526,"column":4},"end":{"line":526,"column":44}},"173":{"start":{"line":530,"column":17},"end":{"line":550,"column":6}},"174":{"start":{"line":552,"column":19},"end":{"line":562,"column":6}},"175":{"start":{"line":564,"column":4},"end":{"line":564,"column":51}},"176":{"start":{"line":564,"column":17},"end":{"line":564,"column":51}},"177":{"start":{"line":566,"column":20},"end":{"line":566,"column":41}},"178":{"start":{"line":567,"column":16},"end":{"line":567,"column":38}},"179":{"start":{"line":568,"column":20},"end":{"line":568,"column":40}},"180":{"start":{"line":570,"column":26},"end":{"line":572,"column":12}},"181":{"start":{"line":574,"column":4},"end":{"line":602,"column":6}},"182":{"start":{"line":606,"column":17},"end":{"line":606,"column":72}},"183":{"start":{"line":607,"column":4},"end":{"line":607,"column":49}},"184":{"start":{"line":607,"column":15},"end":{"line":607,"column":49}},"185":{"start":{"line":609,"column":20},"end":{"line":609,"column":81}},"186":{"start":{"line":610,"column":4},"end":{"line":610,"column":60}},"187":{"start":{"line":610,"column":18},"end":{"line":610,"column":60}},"188":{"start":{"line":612,"column":20},"end":{"line":612,"column":58}},"189":{"start":{"line":613,"column":4},"end":{"line":616,"column":7}},"190":{"start":{"line":618,"column":4},"end":{"line":618,"column":56}},"191":{"start":{"line":71,"column":0},"end":{"line":71,"column":13}}},"fnMap":{"0":{"name":"(anonymous_0)","decl":{"start":{"line":38,"column":23},"end":{"line":38,"column":24}},"loc":{"start":{"line":38,"column":42},"end":{"line":38,"column":68}}},"1":{"name":"(anonymous_1)","decl":{"start":{"line":39,"column":29},"end":{"line":39,"column":30}},"loc":{"start":{"line":39,"column":48},"end":{"line":39,"column":88}}},"2":{"name":"(anonymous_2)","decl":{"start":{"line":41,"column":21},"end":{"line":41,"column":22}},"loc":{"start":{"line":48,"column":7},"end":{"line":56,"column":2}}},"3":{"name":"(anonymous_3)","decl":{"start":{"line":58,"column":25},"end":{"line":58,"column":26}},"loc":{"start":{"line":65,"column":7},"end":{"line":69,"column":2}}},"4":{"name":"(anonymous_4)","decl":{"start":{"line":72,"column":10},"end":{"line":72,"column":16}},"loc":{"start":{"line":72,"column":73},"end":{"line":112,"column":3}}},"5":{"name":"(anonymous_5)","decl":{"start":{"line":114,"column":10},"end":{"line":114,"column":16}},"loc":{"start":{"line":114,"column":57},"end":{"line":128,"column":3}}},"6":{"name":"(anonymous_6)","decl":{"start":{"line":130,"column":10},"end":{"line":130,"column":16}},"loc":{"start":{"line":130,"column":46},"end":{"line":143,"column":3}}},"7":{"name":"(anonymous_7)","decl":{"start":{"line":145,"column":10},"end":{"line":145,"column":16}},"loc":{"start":{"line":145,"column":72},"end":{"line":149,"column":3}}},"8":{"name":"(anonymous_8)","decl":{"start":{"line":151,"column":10},"end":{"line":151,"column":16}},"loc":{"start":{"line":151,"column":59},"end":{"line":157,"column":3}}},"9":{"name":"(anonymous_9)","decl":{"start":{"line":159,"column":10},"end":{"line":159,"column":16}},"loc":{"start":{"line":159,"column":61},"end":{"line":163,"column":3}}},"10":{"name":"(anonymous_10)","decl":{"start":{"line":165,"column":10},"end":{"line":165,"column":16}},"loc":{"start":{"line":165,"column":63},"end":{"line":198,"column":3}}},"11":{"name":"(anonymous_11)","decl":{"start":{"line":200,"column":2},"end":{"line":200,"column":8}},"loc":{"start":{"line":200,"column":44},"end":{"line":227,"column":3}}},"12":{"name":"(anonymous_12)","decl":{"start":{"line":229,"column":2},"end":{"line":229,"column":8}},"loc":{"start":{"line":229,"column":46},"end":{"line":279,"column":3}}},"13":{"name":"(anonymous_13)","decl":{"start":{"line":265,"column":50},"end":{"line":265,"column":55}},"loc":{"start":{"line":265,"column":89},"end":{"line":275,"column":5}}},"14":{"name":"(anonymous_14)","decl":{"start":{"line":281,"column":2},"end":{"line":281,"column":8}},"loc":{"start":{"line":281,"column":68},"end":{"line":360,"column":3}}},"15":{"name":"(anonymous_15)","decl":{"start":{"line":328,"column":50},"end":{"line":328,"column":55}},"loc":{"start":{"line":328,"column":89},"end":{"line":356,"column":5}}},"16":{"name":"(anonymous_16)","decl":{"start":{"line":362,"column":2},"end":{"line":362,"column":8}},"loc":{"start":{"line":362,"column":38},"end":{"line":388,"column":3}}},"17":{"name":"(anonymous_17)","decl":{"start":{"line":390,"column":2},"end":{"line":390,"column":8}},"loc":{"start":{"line":390,"column":46},"end":{"line":402,"column":3}}},"18":{"name":"(anonymous_18)","decl":{"start":{"line":404,"column":2},"end":{"line":404,"column":8}},"loc":{"start":{"line":404,"column":56},"end":{"line":416,"column":3}}},"19":{"name":"(anonymous_19)","decl":{"start":{"line":418,"column":2},"end":{"line":418,"column":8}},"loc":{"start":{"line":418,"column":54},"end":{"line":435,"column":3}}},"20":{"name":"(anonymous_20)","decl":{"start":{"line":437,"column":2},"end":{"line":437,"column":8}},"loc":{"start":{"line":437,"column":44},"end":{"line":460,"column":3}}},"21":{"name":"(anonymous_21)","decl":{"start":{"line":462,"column":2},"end":{"line":462,"column":8}},"loc":{"start":{"line":462,"column":37},"end":{"line":470,"column":3}}},"22":{"name":"(anonymous_22)","decl":{"start":{"line":467,"column":15},"end":{"line":467,"column":18}},"loc":{"start":{"line":467,"column":20},"end":{"line":467,"column":23}}},"23":{"name":"(anonymous_23)","decl":{"start":{"line":472,"column":2},"end":{"line":472,"column":8}},"loc":{"start":{"line":472,"column":24},"end":{"line":474,"column":3}}},"24":{"name":"(anonymous_24)","decl":{"start":{"line":476,"column":2},"end":{"line":476,"column":8}},"loc":{"start":{"line":476,"column":46},"end":{"line":518,"column":3}}},"25":{"name":"(anonymous_25)","decl":{"start":{"line":520,"column":2},"end":{"line":520,"column":8}},"loc":{"start":{"line":520,"column":72},"end":{"line":527,"column":3}}},"26":{"name":"(anonymous_26)","decl":{"start":{"line":529,"column":2},"end":{"line":529,"column":8}},"loc":{"start":{"line":529,"column":46},"end":{"line":603,"column":3}}},"27":{"name":"(anonymous_27)","decl":{"start":{"line":605,"column":2},"end":{"line":605,"column":8}},"loc":{"start":{"line":605,"column":99},"end":{"line":619,"column":3}}}},"branchMap":{"0":{"loc":{"start":{"line":73,"column":4},"end":{"line":73,"column":40}},"type":"if","locations":[{"start":{"line":73,"column":4},"end":{"line":73,"column":40}}]},"1":{"loc":{"start":{"line":75,"column":4},"end":{"line":77,"column":5}},"type":"if","locations":[{"start":{"line":75,"column":4},"end":{"line":77,"column":5}}]},"2":{"loc":{"start":{"line":97,"column":4},"end":{"line":99,"column":5}},"type":"if","locations":[{"start":{"line":97,"column":4},"end":{"line":99,"column":5}}]},"3":{"loc":{"start":{"line":97,"column":8},"end":{"line":97,"column":38}},"type":"binary-expr","locations":[{"start":{"line":97,"column":8},"end":{"line":97,"column":16}},{"start":{"line":97,"column":20},"end":{"line":97,"column":38}}]},"4":{"loc":{"start":{"line":101,"column":4},"end":{"line":103,"column":5}},"type":"if","locations":[{"start":{"line":101,"column":4},"end":{"line":103,"column":5}}]},"5":{"loc":{"start":{"line":105,"column":4},"end":{"line":107,"column":5}},"type":"if","locations":[{"start":{"line":105,"column":4},"end":{"line":107,"column":5}}]},"6":{"loc":{"start":{"line":109,"column":4},"end":{"line":111,"column":5}},"type":"if","locations":[{"start":{"line":109,"column":4},"end":{"line":111,"column":5}}]},"7":{"loc":{"start":{"line":121,"column":4},"end":{"line":121,"column":27}},"type":"if","locations":[{"start":{"line":121,"column":4},"end":{"line":121,"column":27}}]},"8":{"loc":{"start":{"line":124,"column":4},"end":{"line":127,"column":5}},"type":"if","locations":[{"start":{"line":124,"column":4},"end":{"line":127,"column":5}}]},"9":{"loc":{"start":{"line":154,"column":4},"end":{"line":154,"column":30}},"type":"if","locations":[{"start":{"line":154,"column":4},"end":{"line":154,"column":30}}]},"10":{"loc":{"start":{"line":156,"column":11},"end":{"line":156,"column":53}},"type":"binary-expr","locations":[{"start":{"line":156,"column":11},"end":{"line":156,"column":45}},{"start":{"line":156,"column":49},"end":{"line":156,"column":53}}]},"11":{"loc":{"start":{"line":174,"column":4},"end":{"line":176,"column":5}},"type":"if","locations":[{"start":{"line":174,"column":4},"end":{"line":176,"column":5}}]},"12":{"loc":{"start":{"line":178,"column":4},"end":{"line":180,"column":5}},"type":"if","locations":[{"start":{"line":178,"column":4},"end":{"line":180,"column":5}}]},"13":{"loc":{"start":{"line":182,"column":4},"end":{"line":184,"column":5}},"type":"if","locations":[{"start":{"line":182,"column":4},"end":{"line":184,"column":5}}]},"14":{"loc":{"start":{"line":186,"column":4},"end":{"line":192,"column":5}},"type":"if","locations":[{"start":{"line":186,"column":4},"end":{"line":192,"column":5}}]},"15":{"loc":{"start":{"line":205,"column":4},"end":{"line":212,"column":5}},"type":"if","locations":[{"start":{"line":205,"column":4},"end":{"line":212,"column":5}}]},"16":{"loc":{"start":{"line":206,"column":6},"end":{"line":211,"column":7}},"type":"if","locations":[{"start":{"line":206,"column":6},"end":{"line":211,"column":7}},{"start":{"line":209,"column":13},"end":{"line":211,"column":7}}]},"17":{"loc":{"start":{"line":206,"column":10},"end":{"line":206,"column":87}},"type":"binary-expr","locations":[{"start":{"line":206,"column":10},"end":{"line":206,"column":41}},{"start":{"line":206,"column":45},"end":{"line":206,"column":87}}]},"18":{"loc":{"start":{"line":233,"column":4},"end":{"line":235,"column":5}},"type":"if","locations":[{"start":{"line":233,"column":4},"end":{"line":235,"column":5}}]},"19":{"loc":{"start":{"line":243,"column":4},"end":{"line":263,"column":5}},"type":"if","locations":[{"start":{"line":243,"column":4},"end":{"line":263,"column":5}}]},"20":{"loc":{"start":{"line":285,"column":4},"end":{"line":287,"column":5}},"type":"if","locations":[{"start":{"line":285,"column":4},"end":{"line":287,"column":5}}]},"21":{"loc":{"start":{"line":285,"column":8},"end":{"line":285,"column":53}},"type":"binary-expr","locations":[{"start":{"line":285,"column":8},"end":{"line":285,"column":16}},{"start":{"line":285,"column":20},"end":{"line":285,"column":53}}]},"22":{"loc":{"start":{"line":289,"column":4},"end":{"line":291,"column":5}},"type":"if","locations":[{"start":{"line":289,"column":4},"end":{"line":291,"column":5}}]},"23":{"loc":{"start":{"line":289,"column":8},"end":{"line":289,"column":59}},"type":"binary-expr","locations":[{"start":{"line":289,"column":8},"end":{"line":289,"column":33}},{"start":{"line":289,"column":37},"end":{"line":289,"column":59}}]},"24":{"loc":{"start":{"line":303,"column":4},"end":{"line":303,"column":63}},"type":"if","locations":[{"start":{"line":303,"column":4},"end":{"line":303,"column":63}}]},"25":{"loc":{"start":{"line":306,"column":24},"end":{"line":306,"column":78}},"type":"binary-expr","locations":[{"start":{"line":306,"column":24},"end":{"line":306,"column":72}},{"start":{"line":306,"column":76},"end":{"line":306,"column":78}}]},"26":{"loc":{"start":{"line":307,"column":24},"end":{"line":307,"column":64}},"type":"binary-expr","locations":[{"start":{"line":307,"column":24},"end":{"line":307,"column":58}},{"start":{"line":307,"column":62},"end":{"line":307,"column":64}}]},"27":{"loc":{"start":{"line":308,"column":25},"end":{"line":308,"column":60}},"type":"binary-expr","locations":[{"start":{"line":308,"column":25},"end":{"line":308,"column":54}},{"start":{"line":308,"column":58},"end":{"line":308,"column":60}}]},"28":{"loc":{"start":{"line":311,"column":22},"end":{"line":311,"column":70}},"type":"binary-expr","locations":[{"start":{"line":311,"column":22},"end":{"line":311,"column":64}},{"start":{"line":311,"column":68},"end":{"line":311,"column":70}}]},"29":{"loc":{"start":{"line":312,"column":4},"end":{"line":314,"column":5}},"type":"if","locations":[{"start":{"line":312,"column":4},"end":{"line":314,"column":5}}]},"30":{"loc":{"start":{"line":312,"column":8},"end":{"line":312,"column":41}},"type":"binary-expr","locations":[{"start":{"line":312,"column":8},"end":{"line":312,"column":19}},{"start":{"line":312,"column":23},"end":{"line":312,"column":41}}]},"31":{"loc":{"start":{"line":317,"column":23},"end":{"line":318,"column":75}},"type":"binary-expr","locations":[{"start":{"line":317,"column":23},"end":{"line":317,"column":64}},{"start":{"line":318,"column":23},"end":{"line":318,"column":75}}]},"32":{"loc":{"start":{"line":322,"column":4},"end":{"line":324,"column":5}},"type":"if","locations":[{"start":{"line":322,"column":4},"end":{"line":324,"column":5}}]},"33":{"loc":{"start":{"line":322,"column":8},"end":{"line":322,"column":64}},"type":"binary-expr","locations":[{"start":{"line":322,"column":8},"end":{"line":322,"column":19}},{"start":{"line":322,"column":23},"end":{"line":322,"column":34}},{"start":{"line":322,"column":38},"end":{"line":322,"column":48}},{"start":{"line":322,"column":52},"end":{"line":322,"column":64}}]},"34":{"loc":{"start":{"line":374,"column":4},"end":{"line":376,"column":5}},"type":"if","locations":[{"start":{"line":374,"column":4},"end":{"line":376,"column":5}}]},"35":{"loc":{"start":{"line":379,"column":4},"end":{"line":381,"column":5}},"type":"if","locations":[{"start":{"line":379,"column":4},"end":{"line":381,"column":5}}]},"36":{"loc":{"start":{"line":383,"column":4},"end":{"line":385,"column":5}},"type":"if","locations":[{"start":{"line":383,"column":4},"end":{"line":385,"column":5}}]},"37":{"loc":{"start":{"line":383,"column":8},"end":{"line":383,"column":44}},"type":"binary-expr","locations":[{"start":{"line":383,"column":8},"end":{"line":383,"column":23}},{"start":{"line":383,"column":27},"end":{"line":383,"column":44}}]},"38":{"loc":{"start":{"line":394,"column":4},"end":{"line":396,"column":5}},"type":"if","locations":[{"start":{"line":394,"column":4},"end":{"line":396,"column":5}}]},"39":{"loc":{"start":{"line":408,"column":4},"end":{"line":410,"column":5}},"type":"if","locations":[{"start":{"line":408,"column":4},"end":{"line":410,"column":5}}]},"40":{"loc":{"start":{"line":422,"column":4},"end":{"line":424,"column":5}},"type":"if","locations":[{"start":{"line":422,"column":4},"end":{"line":424,"column":5}}]},"41":{"loc":{"start":{"line":455,"column":4},"end":{"line":457,"column":5}},"type":"if","locations":[{"start":{"line":455,"column":4},"end":{"line":457,"column":5}}]},"42":{"loc":{"start":{"line":455,"column":8},"end":{"line":455,"column":80}},"type":"binary-expr","locations":[{"start":{"line":455,"column":8},"end":{"line":455,"column":13}},{"start":{"line":455,"column":17},"end":{"line":455,"column":32}},{"start":{"line":455,"column":36},"end":{"line":455,"column":53}},{"start":{"line":455,"column":57},"end":{"line":455,"column":80}}]},"43":{"loc":{"start":{"line":463,"column":4},"end":{"line":468,"column":5}},"type":"if","locations":[{"start":{"line":463,"column":4},"end":{"line":468,"column":5}}]},"44":{"loc":{"start":{"line":495,"column":4},"end":{"line":497,"column":5}},"type":"if","locations":[{"start":{"line":495,"column":4},"end":{"line":497,"column":5}}]},"45":{"loc":{"start":{"line":495,"column":8},"end":{"line":495,"column":38}},"type":"binary-expr","locations":[{"start":{"line":495,"column":8},"end":{"line":495,"column":16}},{"start":{"line":495,"column":20},"end":{"line":495,"column":38}}]},"46":{"loc":{"start":{"line":499,"column":4},"end":{"line":501,"column":5}},"type":"if","locations":[{"start":{"line":499,"column":4},"end":{"line":501,"column":5}}]},"47":{"loc":{"start":{"line":504,"column":4},"end":{"line":506,"column":5}},"type":"if","locations":[{"start":{"line":504,"column":4},"end":{"line":506,"column":5}}]},"48":{"loc":{"start":{"line":514,"column":15},"end":{"line":514,"column":96}},"type":"cond-expr","locations":[{"start":{"line":514,"column":31},"end":{"line":514,"column":89}},{"start":{"line":514,"column":92},"end":{"line":514,"column":96}}]},"49":{"loc":{"start":{"line":516,"column":37},"end":{"line":516,"column":101}},"type":"cond-expr","locations":[{"start":{"line":516,"column":75},"end":{"line":516,"column":91}},{"start":{"line":516,"column":94},"end":{"line":516,"column":101}}]},"50":{"loc":{"start":{"line":564,"column":4},"end":{"line":564,"column":51}},"type":"if","locations":[{"start":{"line":564,"column":4},"end":{"line":564,"column":51}}]},"51":{"loc":{"start":{"line":566,"column":20},"end":{"line":566,"column":41}},"type":"binary-expr","locations":[{"start":{"line":566,"column":20},"end":{"line":566,"column":33}},{"start":{"line":566,"column":37},"end":{"line":566,"column":41}}]},"52":{"loc":{"start":{"line":567,"column":16},"end":{"line":567,"column":38}},"type":"binary-expr","locations":[{"start":{"line":567,"column":16},"end":{"line":567,"column":30}},{"start":{"line":567,"column":34},"end":{"line":567,"column":38}}]},"53":{"loc":{"start":{"line":568,"column":20},"end":{"line":568,"column":40}},"type":"binary-expr","locations":[{"start":{"line":568,"column":20},"end":{"line":568,"column":32}},{"start":{"line":568,"column":36},"end":{"line":568,"column":40}}]},"54":{"loc":{"start":{"line":570,"column":26},"end":{"line":572,"column":12}},"type":"cond-expr","locations":[{"start":{"line":571,"column":8},"end":{"line":571,"column":61}},{"start":{"line":572,"column":8},"end":{"line":572,"column":12}}]},"55":{"loc":{"start":{"line":583,"column":15},"end":{"line":594,"column":14}},"type":"cond-expr","locations":[{"start":{"line":584,"column":10},"end":{"line":593,"column":null}},{"start":{"line":594,"column":10},"end":{"line":594,"column":14}}]},"56":{"loc":{"start":{"line":591,"column":19},"end":{"line":591,"column":50}},"type":"binary-expr","locations":[{"start":{"line":591,"column":19},"end":{"line":591,"column":42}},{"start":{"line":591,"column":46},"end":{"line":591,"column":50}}]},"57":{"loc":{"start":{"line":592,"column":24},"end":{"line":592,"column":41}},"type":"binary-expr","locations":[{"start":{"line":592,"column":24},"end":{"line":592,"column":33}},{"start":{"line":592,"column":37},"end":{"line":592,"column":41}}]},"58":{"loc":{"start":{"line":595,"column":15},"end":{"line":601,"column":14}},"type":"cond-expr","locations":[{"start":{"line":596,"column":10},"end":{"line":600,"column":null}},{"start":{"line":601,"column":10},"end":{"line":601,"column":14}}]},"59":{"loc":{"start":{"line":607,"column":4},"end":{"line":607,"column":49}},"type":"if","locations":[{"start":{"line":607,"column":4},"end":{"line":607,"column":49}}]},"60":{"loc":{"start":{"line":610,"column":4},"end":{"line":610,"column":60}},"type":"if","locations":[{"start":{"line":610,"column":4},"end":{"line":610,"column":60}}]}},"s":{"0":3,"1":3,"2":3,"3":3,"4":3,"5":3,"6":3,"7":3,"8":3,"9":3,"10":0,"11":3,"12":0,"13":3,"14":0,"15":3,"16":0,"17":0,"18":0,"19":0,"20":0,"21":0,"22":0,"23":0,"24":0,"25":0,"26":0,"27":0,"28":0,"29":0,"30":0,"31":0,"32":0,"33":0,"34":0,"35":0,"36":0,"37":0,"38":0,"39":0,"40":0,"41":0,"42":0,"43":0,"44":0,"45":0,"46":0,"47":0,"48":0,"49":0,"50":0,"51":0,"52":0,"53":0,"54":0,"55":0,"56":0,"57":0,"58":0,"59":0,"60":0,"61":0,"62":0,"63":0,"64":0,"65":0,"66":0,"67":0,"68":0,"69":0,"70":0,"71":0,"72":0,"73":0,"74":0,"75":0,"76":0,"77":0,"78":0,"79":0,"80":0,"81":0,"82":0,"83":0,"84":0,"85":0,"86":0,"87":0,"88":0,"89":0,"90":0,"91":0,"92":0,"93":0,"94":0,"95":0,"96":0,"97":0,"98":0,"99":0,"100":0,"101":0,"102":0,"103":0,"104":0,"105":0,"106":0,"107":0,"108":0,"109":0,"110":0,"111":0,"112":0,"113":0,"114":0,"115":0,"116":0,"117":0,"118":0,"119":0,"120":0,"121":0,"122":0,"123":0,"124":0,"125":0,"126":0,"127":0,"128":0,"129":0,"130":0,"131":0,"132":0,"133":0,"134":0,"135":0,"136":0,"137":0,"138":0,"139":0,"140":0,"141":0,"142":0,"143":0,"144":0,"145":0,"146":0,"147":0,"148":0,"149":0,"150":0,"151":0,"152":0,"153":0,"154":0,"155":0,"156":0,"157":0,"158":0,"159":0,"160":0,"161":0,"162":0,"163":0,"164":0,"165":0,"166":0,"167":0,"168":0,"169":0,"170":0,"171":0,"172":0,"173":0,"174":0,"175":0,"176":0,"177":0,"178":0,"179":0,"180":0,"181":0,"182":0,"183":0,"184":0,"185":0,"186":0,"187":0,"188":0,"189":0,"190":0,"191":3},"f":{"0":0,"1":0,"2":0,"3":0,"4":0,"5":0,"6":0,"7":0,"8":0,"9":0,"10":0,"11":0,"12":0,"13":0,"14":0,"15":0,"16":0,"17":0,"18":0,"19":0,"20":0,"21":0,"22":0,"23":0,"24":0,"25":0,"26":0,"27":0},"b":{"0":[0],"1":[0],"2":[0],"3":[0,0],"4":[0],"5":[0],"6":[0],"7":[0],"8":[0],"9":[0],"10":[0,0],"11":[0],"12":[0],"13":[0],"14":[0],"15":[0],"16":[0,0],"17":[0,0],"18":[0],"19":[0],"20":[0],"21":[0,0],"22":[0],"23":[0,0],"24":[0],"25":[0,0],"26":[0,0],"27":[0,0],"28":[0,0],"29":[0],"30":[0,0],"31":[0,0],"32":[0],"33":[0,0,0,0],"34":[0],"35":[0],"36":[0],"37":[0,0],"38":[0],"39":[0],"40":[0],"41":[0],"42":[0,0,0,0],"43":[0],"44":[0],"45":[0,0],"46":[0],"47":[0],"48":[0,0],"49":[0,0],"50":[0],"51":[0,0],"52":[0,0],"53":[0,0],"54":[0,0],"55":[0,0],"56":[0,0],"57":[0,0],"58":[0,0],"59":[0],"60":[0]}}
}
