TN:
SF:src\common\utils\cache.ts
FN:6,(anonymous_0)
FN:15,(anonymous_1)
FN:23,(anonymous_2)
FN:29,(anonymous_3)
FN:47,(anonymous_4)
FNF:5
FNH:5
FNDA:1,(anonymous_0)
FNDA:1,(anonymous_1)
FNDA:2,(anonymous_2)
FNDA:3,(anonymous_3)
FNDA:1,(anonymous_4)
DA:1,4
DA:2,4
DA:4,4
DA:6,4
DA:7,1
DA:9,0
DA:10,0
DA:12,0
DA:15,4
DA:16,1
DA:18,0
DA:23,4
DA:24,2
DA:26,0
DA:29,4
DA:30,3
DA:32,0
DA:33,0
DA:34,0
DA:39,0
DA:41,0
DA:42,0
DA:47,4
DA:52,1
DA:53,1
DA:55,1
DA:56,1
DA:57,1
LF:28
LH:17
BRDA:7,0,0,1
BRDA:10,1,0,0
BRDA:15,2,0,0
BRDA:16,3,0,1
BRDA:24,4,0,2
BRDA:30,5,0,3
BRDA:41,6,0,0
BRDA:50,7,0,0
BRDA:53,8,0,0
BRF:9
BRH:4
end_of_record
TN:
SF:src\common\utils\email.ts
FN:9,checkRateLimit
FN:23,sendOtpEmail
FN:59,sendApprovalEmail
FNF:3
FNH:0
FNDA:0,checkRateLimit
FNDA:0,sendOtpEmail
FNDA:0,sendApprovalEmail
DA:1,0
DA:2,0
DA:4,0
DA:5,0
DA:7,0
DA:10,0
DA:11,0
DA:12,0
DA:13,0
DA:14,0
DA:15,0
DA:17,0
DA:18,0
DA:20,0
DA:23,0
DA:24,0
DA:25,0
DA:59,0
DA:60,0
DA:61,0
LF:20
LH:0
BRDA:13,0,0,0
BRDA:13,1,0,0
BRDA:13,1,1,0
BRDA:17,2,0,0
BRDA:77,3,0,0
BRDA:77,3,1,0
BRF:6
BRH:0
end_of_record
TN:
SF:src\common\utils\hash.ts
FN:5,(anonymous_1)
FN:9,(anonymous_2)
FNF:2
FNH:2
FNDA:6,(anonymous_1)
FNDA:2,(anonymous_2)
DA:1,4
DA:3,4
DA:5,4
DA:6,6
DA:9,4
DA:10,2
LF:6
LH:6
BRF:0
BRH:0
end_of_record
TN:
SF:src\common\utils\jwt.ts
FN:4,(anonymous_1)
FN:8,(anonymous_2)
FNF:2
FNH:2
FNDA:7,(anonymous_1)
FNDA:12,(anonymous_2)
DA:1,5
DA:2,5
DA:4,5
DA:5,7
DA:8,5
DA:9,12
LF:6
LH:6
BRDA:4,0,0,6
BRF:1
BRH:1
end_of_record
TN:
SF:src\common\utils\otp.ts
FN:1,(anonymous_0)
FNF:1
FNH:1
FNDA:8,(anonymous_0)
DA:1,4
DA:2,8
DA:3,8
DA:4,8
DA:5,48
DA:7,8
LF:6
LH:6
BRDA:1,0,0,8
BRF:1
BRH:1
end_of_record
TN:
SF:src\common\utils\response.ts
FN:1,(anonymous_0)
FN:5,(anonymous_1)
FNF:2
FNH:2
FNDA:4,(anonymous_0)
FNDA:3,(anonymous_1)
DA:1,3
DA:2,4
DA:5,3
DA:6,3
LF:4
LH:4
BRF:0
BRH:0
end_of_record
TN:
SF:src\modules\auth\auth.controller.ts
FN:27,(anonymous_9)
FN:42,(anonymous_10)
FN:71,(anonymous_11)
FN:85,(anonymous_12)
FN:108,(anonymous_13)
FN:110,(anonymous_14)
FN:110,(anonymous_15)
FN:134,(anonymous_16)
FN:146,(anonymous_17)
FN:155,(anonymous_18)
FN:164,(anonymous_19)
FN:174,(anonymous_20)
FN:188,(anonymous_21)
FN:195,(anonymous_22)
FN:201,(anonymous_23)
FN:214,(anonymous_24)
FN:223,(anonymous_25)
FNF:17
FNH:4
FNDA:2,(anonymous_9)
FNDA:2,(anonymous_10)
FNDA:0,(anonymous_11)
FNDA:2,(anonymous_12)
FNDA:0,(anonymous_13)
FNDA:0,(anonymous_14)
FNDA:0,(anonymous_15)
FNDA:0,(anonymous_16)
FNDA:0,(anonymous_17)
FNDA:0,(anonymous_18)
FNDA:0,(anonymous_19)
FNDA:0,(anonymous_20)
FNDA:1,(anonymous_21)
FNDA:0,(anonymous_22)
FNDA:0,(anonymous_23)
FNDA:0,(anonymous_24)
FNDA:0,(anonymous_25)
DA:2,3
DA:15,3
DA:16,3
DA:18,3
DA:26,3
DA:28,2
DA:29,2
DA:30,1
DA:32,1
DA:33,1
DA:35,0
DA:36,0
DA:38,0
DA:43,2
DA:44,2
DA:46,1
DA:47,1
DA:50,1
DA:58,1
DA:59,1
DA:61,0
DA:62,0
DA:64,0
DA:65,0
DA:67,0
DA:72,0
DA:73,0
DA:74,0
DA:75,0
DA:81,0
DA:86,2
DA:87,2
DA:88,1
DA:89,1
DA:95,1
DA:96,0
DA:98,1
DA:99,1
DA:101,0
DA:102,0
DA:104,0
DA:109,0
DA:110,0
DA:111,0
DA:122,0
DA:123,0
DA:125,0
DA:135,0
DA:136,0
DA:137,0
DA:139,0
DA:140,0
DA:142,0
DA:147,0
DA:148,0
DA:149,0
DA:151,0
DA:156,0
DA:157,0
DA:158,0
DA:160,0
DA:165,0
DA:166,0
DA:167,0
DA:168,0
DA:170,0
DA:175,0
DA:176,0
DA:177,0
DA:178,0
DA:179,0
DA:184,0
DA:189,1
DA:190,1
DA:191,1
DA:192,1
DA:196,0
DA:197,0
DA:198,0
DA:202,0
DA:203,0
DA:204,0
DA:205,0
DA:207,0
DA:208,0
DA:210,0
DA:215,0
DA:216,0
DA:217,0
DA:219,0
DA:224,0
DA:225,0
DA:226,0
DA:227,0
DA:229,0
LF:95
LH:28
BRDA:32,0,0,1
BRDA:35,1,0,0
BRDA:46,2,0,1
BRDA:50,3,0,1
BRDA:50,3,1,1
BRDA:58,4,0,1
BRDA:61,5,0,0
BRDA:64,6,0,0
BRDA:95,7,0,0
BRDA:98,8,0,1
BRDA:101,9,0,0
BRDA:122,10,0,0
BRDA:122,11,0,0
BRDA:122,11,1,0
BRDA:122,11,2,0
BRDA:139,12,0,0
BRDA:204,13,0,0
BRF:17
BRH:6
end_of_record
TN:
SF:src\modules\auth\auth.routes.ts
FN:17,(anonymous_0)
FN:24,authRoutes
FN:32,(anonymous_2)
FN:44,(anonymous_3)
FN:50,(anonymous_4)
FN:62,(anonymous_5)
FN:74,(anonymous_6)
FN:86,(anonymous_7)
FN:98,(anonymous_8)
FN:104,(anonymous_9)
FN:112,(anonymous_10)
FN:133,(anonymous_11)
FNF:12
FNH:4
FNDA:0,(anonymous_0)
FNDA:3,authRoutes
FNDA:3,(anonymous_2)
FNDA:2,(anonymous_3)
FNDA:0,(anonymous_4)
FNDA:2,(anonymous_5)
FNDA:0,(anonymous_6)
FNDA:0,(anonymous_7)
FNDA:0,(anonymous_8)
FNDA:0,(anonymous_9)
FNDA:0,(anonymous_10)
FNDA:0,(anonymous_11)
DA:2,3
DA:3,3
DA:15,3
DA:17,3
DA:20,0
DA:24,3
DA:25,3
DA:33,3
DA:37,3
DA:45,2
DA:49,3
DA:51,0
DA:55,3
DA:63,2
DA:67,3
DA:75,0
DA:79,3
DA:87,0
DA:91,3
DA:99,0
DA:103,3
DA:105,0
DA:109,3
DA:113,0
DA:118,3
DA:122,3
DA:126,3
DA:130,3
DA:134,0
DA:139,3
DA:143,3
LF:31
LH:23
BRF:0
BRH:0
end_of_record
TN:
SF:src\modules\auth\auth.schema.ts
FNF:0
FNH:0
DA:1,4
DA:3,4
DA:13,4
DA:20,4
DA:27,4
DA:33,4
DA:39,4
DA:47,4
DA:54,4
DA:60,4
DA:67,4
LF:11
LH:11
BRF:0
BRH:0
end_of_record
TN:
SF:src\modules\auth\auth.service.ts
FN:38,(anonymous_0)
FN:39,(anonymous_1)
FN:41,(anonymous_2)
FN:58,(anonymous_3)
FN:72,(anonymous_4)
FN:114,(anonymous_5)
FN:130,(anonymous_6)
FN:145,(anonymous_7)
FN:151,(anonymous_8)
FN:159,(anonymous_9)
FN:165,(anonymous_10)
FN:200,(anonymous_11)
FN:229,(anonymous_12)
FN:265,(anonymous_13)
FN:281,(anonymous_14)
FN:328,(anonymous_15)
FN:362,(anonymous_16)
FN:390,(anonymous_17)
FN:404,(anonymous_18)
FN:418,(anonymous_19)
FN:437,(anonymous_20)
FN:462,(anonymous_21)
FN:467,(anonymous_22)
FN:472,(anonymous_23)
FN:476,(anonymous_24)
FN:520,(anonymous_25)
FN:529,(anonymous_26)
FN:605,(anonymous_27)
FNF:28
FNH:0
FNDA:0,(anonymous_0)
FNDA:0,(anonymous_1)
FNDA:0,(anonymous_2)
FNDA:0,(anonymous_3)
FNDA:0,(anonymous_4)
FNDA:0,(anonymous_5)
FNDA:0,(anonymous_6)
FNDA:0,(anonymous_7)
FNDA:0,(anonymous_8)
FNDA:0,(anonymous_9)
FNDA:0,(anonymous_10)
FNDA:0,(anonymous_11)
FNDA:0,(anonymous_12)
FNDA:0,(anonymous_13)
FNDA:0,(anonymous_14)
FNDA:0,(anonymous_15)
FNDA:0,(anonymous_16)
FNDA:0,(anonymous_17)
FNDA:0,(anonymous_18)
FNDA:0,(anonymous_19)
FNDA:0,(anonymous_20)
FNDA:0,(anonymous_21)
FNDA:0,(anonymous_22)
FNDA:0,(anonymous_23)
FNDA:0,(anonymous_24)
FNDA:0,(anonymous_25)
FNDA:0,(anonymous_26)
FNDA:0,(anonymous_27)
DA:1,3
DA:3,3
DA:4,3
DA:16,3
DA:17,3
DA:18,3
DA:34,3
DA:35,3
DA:36,3
DA:38,3
DA:39,3
DA:41,3
DA:48,0
DA:58,3
DA:65,0
DA:71,3
DA:73,0
DA:75,0
DA:76,0
DA:79,0
DA:97,0
DA:98,0
DA:101,0
DA:102,0
DA:105,0
DA:106,0
DA:109,0
DA:110,0
DA:115,0
DA:121,0
DA:123,0
DA:124,0
DA:125,0
DA:126,0
DA:131,0
DA:132,0
DA:134,0
DA:142,0
DA:146,0
DA:147,0
DA:148,0
DA:152,0
DA:153,0
DA:154,0
DA:156,0
DA:160,0
DA:161,0
DA:162,0
DA:166,0
DA:174,0
DA:175,0
DA:178,0
DA:179,0
DA:182,0
DA:183,0
DA:186,0
DA:187,0
DA:191,0
DA:194,0
DA:201,0
DA:203,0
DA:205,0
DA:206,0
DA:208,0
DA:210,0
DA:214,0
DA:215,0
DA:217,0
DA:224,0
DA:226,0
DA:230,0
DA:231,0
DA:233,0
DA:234,0
DA:237,0
DA:239,0
DA:243,0
DA:245,0
DA:246,0
DA:248,0
DA:257,0
DA:265,0
DA:266,0
DA:277,0
DA:278,0
DA:282,0
DA:283,0
DA:285,0
DA:286,0
DA:289,0
DA:290,0
DA:294,0
DA:303,0
DA:306,0
DA:307,0
DA:308,0
DA:311,0
DA:312,0
DA:313,0
DA:316,0
DA:317,0
DA:319,0
DA:320,0
DA:322,0
DA:323,0
DA:327,0
DA:328,0
DA:329,0
DA:330,0
DA:332,0
DA:342,0
DA:350,0
DA:355,0
DA:358,0
DA:359,0
DA:363,0
DA:365,0
DA:374,0
DA:375,0
DA:378,0
DA:379,0
DA:380,0
DA:383,0
DA:384,0
DA:387,0
DA:391,0
DA:392,0
DA:394,0
DA:395,0
DA:398,0
DA:399,0
DA:401,0
DA:405,0
DA:406,0
DA:408,0
DA:409,0
DA:412,0
DA:413,0
DA:415,0
DA:419,0
DA:420,0
DA:422,0
DA:423,0
DA:426,0
DA:427,0
DA:429,0
DA:434,0
DA:438,0
DA:455,0
DA:456,0
DA:459,0
DA:463,0
DA:464,0
DA:469,0
DA:473,0
DA:477,0
DA:495,0
DA:496,0
DA:499,0
DA:500,0
DA:503,0
DA:504,0
DA:505,0
DA:508,0
DA:509,0
DA:511,0
DA:521,0
DA:526,0
DA:530,0
DA:552,0
DA:564,0
DA:566,0
DA:567,0
DA:568,0
DA:570,0
DA:574,0
DA:606,0
DA:607,0
DA:609,0
DA:610,0
DA:612,0
DA:613,0
DA:618,0
LF:183
LH:14
BRDA:73,0,0,0
BRDA:75,1,0,0
BRDA:97,2,0,0
BRDA:97,3,0,0
BRDA:97,3,1,0
BRDA:101,4,0,0
BRDA:105,5,0,0
BRDA:109,6,0,0
BRDA:121,7,0,0
BRDA:124,8,0,0
BRDA:154,9,0,0
BRDA:156,10,0,0
BRDA:156,10,1,0
BRDA:174,11,0,0
BRDA:178,12,0,0
BRDA:182,13,0,0
BRDA:186,14,0,0
BRDA:205,15,0,0
BRDA:206,16,0,0
BRDA:206,16,1,0
BRDA:206,17,0,0
BRDA:206,17,1,0
BRDA:233,18,0,0
BRDA:243,19,0,0
BRDA:285,20,0,0
BRDA:285,21,0,0
BRDA:285,21,1,0
BRDA:289,22,0,0
BRDA:289,23,0,0
BRDA:289,23,1,0
BRDA:303,24,0,0
BRDA:306,25,0,0
BRDA:306,25,1,0
BRDA:307,26,0,0
BRDA:307,26,1,0
BRDA:308,27,0,0
BRDA:308,27,1,0
BRDA:311,28,0,0
BRDA:311,28,1,0
BRDA:312,29,0,0
BRDA:312,30,0,0
BRDA:312,30,1,0
BRDA:317,31,0,0
BRDA:317,31,1,0
BRDA:322,32,0,0
BRDA:322,33,0,0
BRDA:322,33,1,0
BRDA:322,33,2,0
BRDA:322,33,3,0
BRDA:374,34,0,0
BRDA:379,35,0,0
BRDA:383,36,0,0
BRDA:383,37,0,0
BRDA:383,37,1,0
BRDA:394,38,0,0
BRDA:408,39,0,0
BRDA:422,40,0,0
BRDA:455,41,0,0
BRDA:455,42,0,0
BRDA:455,42,1,0
BRDA:455,42,2,0
BRDA:455,42,3,0
BRDA:463,43,0,0
BRDA:495,44,0,0
BRDA:495,45,0,0
BRDA:495,45,1,0
BRDA:499,46,0,0
BRDA:504,47,0,0
BRDA:514,48,0,0
BRDA:514,48,1,0
BRDA:516,49,0,0
BRDA:516,49,1,0
BRDA:564,50,0,0
BRDA:566,51,0,0
BRDA:566,51,1,0
BRDA:567,52,0,0
BRDA:567,52,1,0
BRDA:568,53,0,0
BRDA:568,53,1,0
BRDA:570,54,0,0
BRDA:570,54,1,0
BRDA:583,55,0,0
BRDA:583,55,1,0
BRDA:591,56,0,0
BRDA:591,56,1,0
BRDA:592,57,0,0
BRDA:592,57,1,0
BRDA:595,58,0,0
BRDA:595,58,1,0
BRDA:607,59,0,0
BRDA:610,60,0,0
BRF:91
BRH:0
end_of_record
